Portability enumeration bit was set, enumerating portability drivers.
Searching for layer manifest files
   In following locations:
      /Users/airat/Projects/shootEmUp/cmake-build-debug/vulkan/implicit_layer.d
      /Users/airat/.config/vulkan/implicit_layer.d
      /etc/xdg/vulkan/implicit_layer.d
      /Users/lunarg/Dev/macos-sdk-build/Vulkan-Loader/build/install/etc/vulkan/implicit_layer.d
      /etc/vulkan/implicit_layer.d
      /Users/airat/.local/share/vulkan/implicit_layer.d
      /usr/local/share/vulkan/implicit_layer.d
      /usr/share/vulkan/implicit_layer.d
   Found no files
Searching for layer manifest files
   In following locations:
      /Users/airat/Projects/shootEmUp/cmake-build-debug/vulkan/explicit_layer.d
      /Users/airat/.config/vulkan/explicit_layer.d
      /etc/xdg/vulkan/explicit_layer.d
      /Users/lunarg/Dev/macos-sdk-build/Vulkan-Loader/build/install/etc/vulkan/explicit_layer.d
      /etc/vulkan/explicit_layer.d
      /Users/airat/.local/share/vulkan/explicit_layer.d
      /usr/local/share/vulkan/explicit_layer.d
      /usr/share/vulkan/explicit_layer.d
   Found the following files:
      /usr/local/share/vulkan/explicit_layer.d/VkLayer_api_dump.json
      /usr/local/share/vulkan/explicit_layer.d/VkLayer_khronos_profiles.json
      /usr/local/share/vulkan/explicit_layer.d/VkLayer_khronos_validation.json
      /usr/local/share/vulkan/explicit_layer.d/VkLayer_khronos_synchronization2.json
      /usr/local/share/vulkan/explicit_layer.d/VkLayer_khronos_shader_object.json
Found manifest file /usr/local/share/vulkan/explicit_layer.d/VkLayer_api_dump.json (file version 1.2.0)
Found manifest file /usr/local/share/vulkan/explicit_layer.d/VkLayer_khronos_profiles.json (file version 1.2.1)
Found manifest file /usr/local/share/vulkan/explicit_layer.d/VkLayer_khronos_validation.json (file version 1.2.0)
Found manifest file /usr/local/share/vulkan/explicit_layer.d/VkLayer_khronos_synchronization2.json (file version 1.2.0)
Found manifest file /usr/local/share/vulkan/explicit_layer.d/VkLayer_khronos_shader_object.json (file version 1.2.0)
Searching for driver manifest files
   In following locations:
      /Users/airat/Projects/shootEmUp/cmake-build-debug/vulkan/icd.d
      /Users/airat/.config/vulkan/icd.d
      /etc/xdg/vulkan/icd.d
      /Users/lunarg/Dev/macos-sdk-build/Vulkan-Loader/build/install/etc/vulkan/icd.d
      /etc/vulkan/icd.d
      /Users/airat/.local/share/vulkan/icd.d
      /usr/local/share/vulkan/icd.d
      /usr/share/vulkan/icd.d
   Found the following files:
      /usr/local/share/vulkan/icd.d/MoltenVK_icd.json
Found ICD manifest file /usr/local/share/vulkan/icd.d/MoltenVK_icd.json, version 1.0.0
Searching for ICD drivers named ../../../lib/libMoltenVK.dylib
Loading layer library /usr/local/share/vulkan/explicit_layer.d/../../../lib/libVkLayer_khronos_validation.dylib
Insert instance layer "VK_LAYER_KHRONOS_validation" (/usr/local/share/vulkan/explicit_layer.d/../../../lib/libVkLayer_khronos_validation.dylib)
MoltenVK version 1.2.5, supporting Vulkan version 1.2.261.
	The following 99 Vulkan extensions are supported:
		VK_KHR_16bit_storage v1
		VK_KHR_8bit_storage v1
		VK_KHR_bind_memory2 v1
		VK_KHR_buffer_device_address v1
		VK_KHR_copy_commands2 v1
		VK_KHR_create_renderpass2 v1
		VK_KHR_dedicated_allocation v3
		VK_KHR_deferred_host_operations v4
		VK_KHR_depth_stencil_resolve v1
		VK_KHR_descriptor_update_template v1
		VK_KHR_device_group v4
		VK_KHR_device_group_creation v1
		VK_KHR_driver_properties v1
		VK_KHR_dynamic_rendering v1
		VK_KHR_external_fence v1
		VK_KHR_external_fence_capabilities v1
		VK_KHR_external_memory v1
		VK_KHR_external_memory_capabilities v1
		VK_KHR_external_semaphore v1
		VK_KHR_external_semaphore_capabilities v1
		VK_KHR_fragment_shader_barycentric v1
		VK_KHR_get_memory_requirements2 v1
		VK_KHR_get_physical_device_properties2 v2
		VK_KHR_get_surface_capabilities2 v1
		VK_KHR_imageless_framebuffer v1
		VK_KHR_image_format_list v1
		VK_KHR_incremental_present v2
		VK_KHR_maintenance1 v2
		VK_KHR_maintenance2 v1
		VK_KHR_maintenance3 v1
		VK_KHR_map_memory2 v1
		VK_KHR_multiview v1
		VK_KHR_portability_subset v1
		VK_KHR_push_descriptor v2
		VK_KHR_relaxed_block_layout v1
		VK_KHR_sampler_mirror_clamp_to_edge v3
		VK_KHR_sampler_ycbcr_conversion v14
		VK_KHR_separate_depth_stencil_layouts v1
		VK_KHR_shader_draw_parameters v1
		VK_KHR_shader_float_controls v4
		VK_KHR_shader_float16_int8 v1
		VK_KHR_shader_non_semantic_info v1
		VK_KHR_shader_subgroup_extended_types v1
		VK_KHR_spirv_1_4 v1
		VK_KHR_storage_buffer_storage_class v1
		VK_KHR_surface v25
		VK_KHR_swapchain v70
		VK_KHR_swapchain_mutable_format v1
		VK_KHR_timeline_semaphore v2
		VK_KHR_uniform_buffer_standard_layout v1
		VK_KHR_variable_pointers v1
		VK_EXT_4444_formats v1
		VK_EXT_buffer_device_address v2
		VK_EXT_calibrated_timestamps v2
		VK_EXT_debug_marker v4
		VK_EXT_debug_report v10
		VK_EXT_debug_utils v2
		VK_EXT_descriptor_indexing v2
		VK_EXT_external_memory_host v1
		VK_EXT_fragment_shader_interlock v1
		VK_EXT_hdr_metadata v2
		VK_EXT_host_query_reset v1
		VK_EXT_image_robustness v1
		VK_EXT_inline_uniform_block v1
		VK_EXT_memory_budget v1
		VK_EXT_metal_objects v1
		VK_EXT_metal_surface v1
		VK_EXT_pipeline_creation_cache_control v3
		VK_EXT_pipeline_creation_feedback v1
		VK_EXT_post_depth_coverage v1
		VK_EXT_private_data v1
		VK_EXT_robustness2 v1
		VK_EXT_sample_locations v1
		VK_EXT_scalar_block_layout v1
		VK_EXT_separate_stencil_usage v1
		VK_EXT_shader_atomic_float v1
		VK_EXT_shader_demote_to_helper_invocation v1
		VK_EXT_shader_stencil_export v1
		VK_EXT_shader_subgroup_ballot v1
		VK_EXT_shader_subgroup_vote v1
		VK_EXT_shader_viewport_index_layer v1
		VK_EXT_subgroup_size_control v2
		VK_EXT_surface_maintenance1 v1
		VK_EXT_swapchain_colorspace v4
		VK_EXT_swapchain_maintenance1 v1
		VK_EXT_texel_buffer_alignment v1
		VK_EXT_texture_compression_astc_hdr v1
		VK_EXT_vertex_attribute_divisor v3
		VK_AMD_gpu_shader_half_float v2
		VK_AMD_negative_viewport_height v1
		VK_AMD_shader_image_load_store_lod v1
		VK_AMD_shader_trinary_minmax v1
		VK_IMG_format_pvrtc v1
		VK_INTEL_shader_integer_functions2 v1
		VK_GOOGLE_display_timing v1
		VK_MVK_macos_surface v3
		VK_MVK_moltenvk v37
		VK_NV_fragment_shader_barycentric v1
		VK_NV_glsl_shader v1
GPU device:
		model: Apple M1 Pro
		type: Integrated
		vendorID: 0x106b
		deviceID: 0xe0103ef
		pipelineCacheUUID: 02A8C011-0E01-03EF-0000-000000000000
	supports the following Metal Versions, GPU's and Feature Sets:
		Metal Shading Language 3.0
		GPU Family Apple 7
		GPU Family Apple 6
		GPU Family Apple 5
		GPU Family Apple 4
		GPU Family Apple 3
		GPU Family Apple 2
		GPU Family Apple 1
		GPU Family Mac 2
		GPU Family Mac 1
		GPU Family Common 3
		GPU Family Common 2
		GPU Family Common 1
		macOS GPU Family 2 v1
		macOS GPU Family 1 v4
		macOS GPU Family 1 v3
		macOS GPU Family 1 v2
		macOS GPU Family 1 v1
Created VkInstance for Vulkan version 1.2.261, as requested by app, with the following 4 Vulkan extensions enabled:
		VK_KHR_surface v25
		VK_EXT_debug_report v10
		VK_EXT_debug_utils v2
		VK_EXT_metal_surface v1
Validation Information: [ UNASSIGNED-CreateInstance-status-message ] Object 0: handle = 0x12d062600, type = VK_OBJECT_TYPE_INSTANCE; | MessageID = 0x87d47f57 | Khronos Validation Layer Active:
    Settings File: None. Default location is /Users/airat/Projects/shootEmUp/cmake-build-debug\vk_layer_settings.txt.
    Current Enables: None.
    Current Disables: None.

Validation Error: [ VUID-VkDeviceCreateInfo-pProperties-04451 ] Object 0: handle = 0x600001903940, type = VK_OBJECT_TYPE_PHYSICAL_DEVICE; | MessageID = 0x3a3b6ca0 | vkCreateDevice: VK_KHR_portability_subset must be enabled because physical device VkPhysicalDevice 0x600001903940[] supports it The Vulkan spec states: If the VK_KHR_portability_subset extension is included in pProperties of vkEnumerateDeviceExtensionProperties, ppEnabledExtensionNames must include "VK_KHR_portability_subset" (https://vulkan.lunarg.com/doc/view/1.3.261.1/mac/1.3-extensions/vkspec.html#VUID-VkDeviceCreateInfo-pProperties-04451)
